<?xml version="1.0" encoding="UTF-8"?>
<testsuite xmlns:xsi="http://www.w3.org/2001/XMLSchema-instance" xsi:noNamespaceSchemaLocation="https://maven.apache.org/surefire/maven-surefire-plugin/xsd/surefire-test-report-3.0.xsd" version="3.0" name="com.cucumberOptions.TestRunner" time="33.566" tests="13" errors="0" skipped="0" failures="0">
  <properties>
[...]
</properties>
  <testcase name="Access WebDriverManager For BanyanTask" classname="Login in to BanyanTask web and verify login" time="2.839"/>
  <testcase name="Launch chrome browser for BanyanTask" classname="Login in to BanyanTask web and verify login" time="6.403"/>
  <testcase name="Enter Phone number for BanyanTask" classname="Login in to BanyanTask web and verify login" time="0.363"/>
  <testcase name="Then click countinue button BanyanTask" classname="Login in to BanyanTask web and verify login" time="3.111"/>
  <testcase name="Then click countinue button BanyanTask" classname="Login in to BanyanTask web and verify login" time="3.112"/>
  <testcase name="Then click countinue button BanyanTask" classname="Login in to BanyanTask web and verify login" time="3.083"/>
  <testcase name="Enter otp" classname="Login in to BanyanTask web and verify login" time="0.095"/>
  <testcase name="Enter panic password" classname="Login in to BanyanTask web and verify login" time="2.53"/>
  <testcase name="Wait action for &quot;2&quot; seconds BanyanTask" classname="Login in to BanyanTask web and verify login" time="2.011"/>
  <testcase name="assert login" classname="Login in to BanyanTask web and verify login" time="2.385"/>
  <testcase name="Wait action for &quot;3&quot; seconds BanyanTask" classname="Login in to BanyanTask web and verify login" time="3.004"/>
  <testcase name="Quit driver" classname="Login in to BanyanTask web and verify login" time="0.862"/>
  <testcase name="Login in to BanyanTask web and verify login" classname="Login in to BanyanTask web and verify login" time="0.869"/>
</testsuite>