<?xml version="1.0" encoding="UTF-8"?>
<testsuite xmlns:xsi="http://www.w3.org/2001/XMLSchema-instance" xsi:noNamespaceSchemaLocation="https://maven.apache.org/surefire/maven-surefire-plugin/xsd/surefire-test-report-3.0.xsd" version="3.0" name="com.cucumberOptions.TestRunner" time="48.053" tests="10" errors="2" skipped="6" failures="0">
  <properties>
[...]
</properties>
  <testcase name="Access WebDriverManager For BanyanTask" classname="Login in to BanyanTask web and verify login" time="7.405"/>
  <testcase name="Launch chrome browser for BanyanTask" classname="Login in to BanyanTask web and verify login" time="3.667"/>
  <testcase name="Enter Phone number for BanyanTask" classname="Login in to BanyanTask web and verify login" time="30.623">
    <error message="Expected condition failed: waiting for visibility of element located by By.xpath: //input[@title=&apos;Please enter a valid Phone Number&apos;] (tried for 30 second(s) with 500 milliseconds interval)" type="org.openqa.selenium.TimeoutException">org.openqa.selenium.TimeoutException: Expected condition failed: waiting for visibility of element located by By.xpath: //input[@title='Please enter a valid Phone Number'] (tried for 30 second(s) with 500 milliseconds interval)
Caused by: org.openqa.selenium.NoSuchElementException: 
no such element: Unable to locate element: {"method":"xpath","selector":"//input[@title='Please enter a valid Phone Number']"}
  (Session info: chrome=92.0.4515.131)
For documentation on this error, please visit: https://www.seleniumhq.org/exceptions/no_such_element.html
Build info: version: '3.141.59', revision: 'e82be7d358', time: '2018-11-14T08:17:03'
System info: host: 'DESKTOP-N00LOFS', ip: '172.24.32.1', os.name: 'Windows 10', os.arch: 'amd64', os.version: '10.0', java.version: '11.0.8'
Driver info: org.openqa.selenium.chrome.ChromeDriver
Capabilities {acceptInsecureCerts: false, browserName: chrome, browserVersion: 92.0.4515.131, chrome: {chromedriverVersion: 92.0.4515.107 (87a818b10553..., userDataDir: C:\Users\BAVITH~1\AppData\L...}, goog:chromeOptions: {debuggerAddress: localhost:50065}, javascriptEnabled: true, networkConnectionEnabled: false, pageLoadStrategy: normal, platform: WINDOWS, platformName: WINDOWS, proxy: Proxy(), setWindowRect: true, strictFileInteractability: false, timeouts: {implicit: 0, pageLoad: 300000, script: 30000}, unhandledPromptBehavior: dismiss and notify, webauthn:extension:credBlob: true, webauthn:extension:largeBlob: true, webauthn:virtualAuthenticators: true}
Session ID: 4f597f91779ce76b73dd548ad7fe3acf
*** Element info: {Using=xpath, value=//input[@title='Please enter a valid Phone Number']}
</error>
    <system-out><![CDATA[  Then Launch chrome browser for BanyanTask                   # com.stepDefinitions.BanyanTaskStepDefs.launch_chrome_browser_for_banyan_task()
]]></system-out>
  </testcase>
  <testcase name="Then click countinue button BanyanTask" classname="Login in to BanyanTask web and verify login" time="0">
    <skipped message="This step is skipped"/>
    <system-out><![CDATA[  Then Enter Phone number for BanyanTask                      # com.stepDefinitions.BanyanTaskStepDefs.enter_phone_number_for_BanyanTask()
      org.openqa.selenium.TimeoutException: Expected condition failed: waiting for visibility of element located by By.xpath: //input[@title='Please enter a valid Phone Number'] (tried for 30 second(s) with 500 milliseconds interval)
	at org.openqa.selenium.support.ui.WebDriverWait.timeoutException(WebDriverWait.java:95)
	at org.openqa.selenium.support.ui.FluentWait.until(FluentWait.java:272)
	at com.banyantask.MainPageBanyanTask.enterPhoneNumber(MainPageBanyanTask.java:28)
	at com.stepDefinitions.BanyanTaskStepDefs.enter_phone_number_for_BanyanTask(BanyanTaskStepDefs.java:50)
	at âœ½.Enter Phone number for BanyanTask(file:///D:/CucumberLatestVersionProject/BanyanTask/BanyanTaskAutomation/src/test/java/com/features/BanyanTask.feature:9)
Caused by: org.openqa.selenium.NoSuchElementException: no such element: Unable to locate element: {"method":"xpath","selector":"//input[@title='Please enter a valid Phone Number']"}
  (Session info: chrome=92.0.4515.131)
For documentation on this error, please visit: https://www.seleniumhq.org/exceptions/no_such_element.html
Build info: version: '3.141.59', revision: 'e82be7d358', time: '2018-11-14T08:17:03'
System info: host: 'DESKTOP-N00LOFS', ip: '172.24.32.1', os.name: 'Windows 10', os.arch: 'amd64', os.version: '10.0', java.version: '11.0.8'
Driver info: org.openqa.selenium.chrome.ChromeDriver
Capabilities {acceptInsecureCerts: false, browserName: chrome, browserVersion: 92.0.4515.131, chrome: {chromedriverVersion: 92.0.4515.107 (87a818b10553..., userDataDir: C:\Users\BAVITH~1\AppData\L...}, goog:chromeOptions: {debuggerAddress: localhost:50065}, javascriptEnabled: true, networkConnectionEnabled: false, pageLoadStrategy: normal, platform: WINDOWS, platformName: WINDOWS, proxy: Proxy(), setWindowRect: true, strictFileInteractability: false, timeouts: {implicit: 0, pageLoad: 300000, script: 30000}, unhandledPromptBehavior: dismiss and notify, webauthn:extension:credBlob: true, webauthn:extension:largeBlob: true, webauthn:virtualAuthenticators: true}
Session ID: 4f597f91779ce76b73dd548ad7fe3acf
*** Element info: {Using=xpath, value=//input[@title='Please enter a valid Phone Number']}
	at java.base/jdk.internal.reflect.NativeConstructorAccessorImpl.newInstance0(Native Method)
	at java.base/jdk.internal.reflect.NativeConstructorAccessorImpl.newInstance(NativeConstructorAccessorImpl.java:62)
	at java.base/jdk.internal.reflect.DelegatingConstructorAccessorImpl.newInstance(DelegatingConstructorAccessorImpl.java:45)
	at java.base/java.lang.reflect.Constructor.newInstance(Constructor.java:490)
	at org.openqa.selenium.remote.http.W3CHttpResponseCodec.createException(W3CHttpResponseCodec.java:187)
	at org.openqa.selenium.remote.http.W3CHttpResponseCodec.decode(W3CHttpResponseCodec.java:122)
	at org.openqa.selenium.remote.http.W3CHttpResponseCodec.decode(W3CHttpResponseCodec.java:49)
	at org.openqa.selenium.remote.HttpCommandExecutor.execute(HttpCommandExecutor.java:158)
	at org.openqa.selenium.remote.service.DriverCommandExecutor.execute(DriverCommandExecutor.java:83)
	at org.openqa.selenium.remote.RemoteWebDriver.execute(RemoteWebDriver.java:552)
	at org.openqa.selenium.remote.RemoteWebDriver.findElement(RemoteWebDriver.java:323)
	at org.openqa.selenium.remote.RemoteWebDriver.findElementByXPath(RemoteWebDriver.java:428)
	at org.openqa.selenium.By$ByXPath.findElement(By.java:353)
	at org.openqa.selenium.remote.RemoteWebDriver.findElement(RemoteWebDriver.java:315)
	at org.openqa.selenium.support.ui.ExpectedConditions$7.apply(ExpectedConditions.java:205)
	at org.openqa.selenium.support.ui.ExpectedConditions$7.apply(ExpectedConditions.java:201)
	at org.openqa.selenium.support.ui.FluentWait.until(FluentWait.java:249)
	at com.banyantask.MainPageBanyanTask.enterPhoneNumber(MainPageBanyanTask.java:28)
	at com.stepDefinitions.BanyanTaskStepDefs.enter_phone_number_for_BanyanTask(BanyanTaskStepDefs.java:50)
	at java.base/jdk.internal.reflect.NativeMethodAccessorImpl.invoke0(Native Method)
	at java.base/jdk.internal.reflect.NativeMethodAccessorImpl.invoke(NativeMethodAccessorImpl.java:62)
	at java.base/jdk.internal.reflect.DelegatingMethodAccessorImpl.invoke(DelegatingMethodAccessorImpl.java:43)
	at java.base/java.lang.reflect.Method.invoke(Method.java:566)
	at io.cucumber.java.Invoker.doInvoke(Invoker.java:66)
	at io.cucumber.java.Invoker.invoke(Invoker.java:24)
	at io.cucumber.java.AbstractGlueDefinition.invokeMethod(AbstractGlueDefinition.java:47)
	at io.cucumber.java.JavaStepDefinition.execute(JavaStepDefinition.java:29)
	at io.cucumber.core.runner.CoreStepDefinition.execute(CoreStepDefinition.java:66)
	at io.cucumber.core.runner.PickleStepDefinitionMatch.runStep(PickleStepDefinitionMatch.java:63)
	at io.cucumber.core.runner.ExecutionMode$1.execute(ExecutionMode.java:10)
	at io.cucumber.core.runner.TestStep.executeStep(TestStep.java:92)
	at io.cucumber.core.runner.TestStep.run(TestStep.java:64)
	at io.cucumber.core.runner.PickleStepTestStep.run(PickleStepTestStep.java:51)
	at io.cucumber.core.runner.TestCase.run(TestCase.java:104)
	at io.cucumber.core.runner.Runner.runPickle(Runner.java:73)
	at io.cucumber.junit.PickleRunners$WithStepDescriptions.run(PickleRunners.java:110)
	at io.cucumber.junit.FeatureRunner.runChild(FeatureRunner.java:135)
	at io.cucumber.junit.FeatureRunner.runChild(FeatureRunner.java:27)
	at org.junit.runners.ParentRunner$3.run(ParentRunner.java:238)
	at org.junit.runners.ParentRunner$1.schedule(ParentRunner.java:63)
	at org.junit.runners.ParentRunner.runChildren(ParentRunner.java:236)
	at org.junit.runners.ParentRunner.access$000(ParentRunner.java:53)
	at org.junit.runners.ParentRunner$2.evaluate(ParentRunner.java:229)
	at org.junit.runners.ParentRunner.run(ParentRunner.java:309)
	at io.cucumber.junit.Cucumber.runChild(Cucumber.java:200)
	at io.cucumber.junit.Cucumber.runChild(Cucumber.java:90)
	at org.junit.runners.ParentRunner$3.run(ParentRunner.java:238)
	at org.junit.runners.ParentRunner$1.schedule(ParentRunner.java:63)
	at org.junit.runners.ParentRunner.runChildren(ParentRunner.java:236)
	at org.junit.runners.ParentRunner.access$000(ParentRunner.java:53)
	at org.junit.runners.ParentRunner$2.evaluate(ParentRunner.java:229)
	at io.cucumber.junit.Cucumber$RunCucumber.evaluate(Cucumber.java:235)
	at org.junit.runners.ParentRunner.run(ParentRunner.java:309)
	at org.apache.maven.surefire.junit4.JUnit4Provider.execute(JUnit4Provider.java:365)
	at org.apache.maven.surefire.junit4.JUnit4Provider.executeWithRerun(JUnit4Provider.java:273)
	at org.apache.maven.surefire.junit4.JUnit4Provider.executeTestSet(JUnit4Provider.java:238)
	at org.apache.maven.surefire.junit4.JUnit4Provider.invoke(JUnit4Provider.java:159)
	at org.apache.maven.surefire.booter.ForkedBooter.invokeProviderInSameClassLoader(ForkedBooter.java:384)
	at org.apache.maven.surefire.booter.ForkedBooter.runSuitesInProcess(ForkedBooter.java:345)
	at org.apache.maven.surefire.booter.ForkedBooter.execute(ForkedBooter.java:126)
	at org.apache.maven.surefire.booter.ForkedBooter.main(ForkedBooter.java:418)

]]></system-out>
  </testcase>
  <testcase name="Then click countinue button BanyanTask" classname="Login in to BanyanTask web and verify login" time="0">
    <skipped message="This step is skipped"/>
    <system-out><![CDATA[  Then Then click countinue button BanyanTask                 # com.stepDefinitions.BanyanTaskStepDefs.then_Click_countinue_button()
]]></system-out>
  </testcase>
  <testcase name="Then click countinue button BanyanTask" classname="Login in to BanyanTask web and verify login" time="0">
    <skipped message="This step is skipped"/>
    <system-out><![CDATA[  Then Enter otp                                              # com.stepDefinitions.BanyanTaskStepDefs.enter_otp()
]]></system-out>
  </testcase>
  <testcase name="Enter otp" classname="Login in to BanyanTask web and verify login" time="0">
    <skipped message="This step is skipped"/>
    <system-out><![CDATA[  Then Then click countinue button BanyanTask                 # com.stepDefinitions.BanyanTaskStepDefs.then_Click_countinue_button()
]]></system-out>
  </testcase>
  <testcase name="assert login" classname="Login in to BanyanTask web and verify login" time="0">
    <skipped message="This step is skipped"/>
    <system-out><![CDATA[  Then Then click countinue button BanyanTask                 # com.stepDefinitions.BanyanTaskStepDefs.then_Click_countinue_button()
]]></system-out>
  </testcase>
  <testcase name="Quit driver" classname="Login in to BanyanTask web and verify login" time="0">
    <skipped message="This step is skipped"/>
    <system-out><![CDATA[  Then assert login                                           # com.stepDefinitions.BanyanTaskStepDefs.assert_login()
]]></system-out>
  </testcase>
  <testcase name="Login in to BanyanTask web and verify login" classname="Login in to BanyanTask web and verify login" time="0.003">
    <error message="Expected condition failed: waiting for visibility of element located by By.xpath: //input[@title=&apos;Please enter a valid Phone Number&apos;] (tried for 30 second(s) with 500 milliseconds interval)" type="org.openqa.selenium.TimeoutException">org.openqa.selenium.TimeoutException: Expected condition failed: waiting for visibility of element located by By.xpath: //input[@title='Please enter a valid Phone Number'] (tried for 30 second(s) with 500 milliseconds interval)
Caused by: org.openqa.selenium.NoSuchElementException: 
no such element: Unable to locate element: {"method":"xpath","selector":"//input[@title='Please enter a valid Phone Number']"}
  (Session info: chrome=92.0.4515.131)
For documentation on this error, please visit: https://www.seleniumhq.org/exceptions/no_such_element.html
Build info: version: '3.141.59', revision: 'e82be7d358', time: '2018-11-14T08:17:03'
System info: host: 'DESKTOP-N00LOFS', ip: '172.24.32.1', os.name: 'Windows 10', os.arch: 'amd64', os.version: '10.0', java.version: '11.0.8'
Driver info: org.openqa.selenium.chrome.ChromeDriver
Capabilities {acceptInsecureCerts: false, browserName: chrome, browserVersion: 92.0.4515.131, chrome: {chromedriverVersion: 92.0.4515.107 (87a818b10553..., userDataDir: C:\Users\BAVITH~1\AppData\L...}, goog:chromeOptions: {debuggerAddress: localhost:50065}, javascriptEnabled: true, networkConnectionEnabled: false, pageLoadStrategy: normal, platform: WINDOWS, platformName: WINDOWS, proxy: Proxy(), setWindowRect: true, strictFileInteractability: false, timeouts: {implicit: 0, pageLoad: 300000, script: 30000}, unhandledPromptBehavior: dismiss and notify, webauthn:extension:credBlob: true, webauthn:extension:largeBlob: true, webauthn:virtualAuthenticators: true}
Session ID: 4f597f91779ce76b73dd548ad7fe3acf
*** Element info: {Using=xpath, value=//input[@title='Please enter a valid Phone Number']}
</error>
    <system-out><![CDATA[  Then Quit driver                                            # com.stepDefinitions.BanyanTaskStepDefs.quit_driver()
]]></system-out>
  </testcase>
</testsuite>